This file contains any messages produced by compilers while
running configure, to aid debugging if configure makes a mistake.

It was created by FreeLing configure 4.0, which was
generated by GNU Autoconf 2.69.  Invocation command line was

  $ ./configure 

## --------- ##
## Platform. ##
## --------- ##

hostname = carlos-Ubuntu-Lenovo
uname -m = x86_64
uname -r = 4.13.0-26-generic
uname -s = Linux
uname -v = #29~16.04.2-Ubuntu SMP Tue Jan 9 22:00:44 UTC 2018

/usr/bin/uname -p = unknown
/bin/uname -X     = unknown

/bin/arch              = unknown
/usr/bin/arch -k       = unknown
/usr/convex/getsysinfo = unknown
/usr/bin/hostinfo      = unknown
/bin/machine           = unknown
/usr/bin/oslevel       = unknown
/bin/universe          = unknown

PATH: /home/carlos/bin
PATH: /home/carlos/.local/bin
PATH: /usr/local/sbin
PATH: /usr/local/bin
PATH: /usr/sbin
PATH: /usr/bin
PATH: /sbin
PATH: /bin
PATH: /usr/games
PATH: /usr/local/games
PATH: /snap/bin
PATH: /usr/lib/jvm/java-8-oracle/bin
PATH: /usr/lib/jvm/java-8-oracle/db/bin
PATH: /usr/lib/jvm/java-8-oracle/jre/bin


## ----------- ##
## Core tests. ##
## ----------- ##

configure:2536: checking for a BSD-compatible install
configure:2604: result: /usr/bin/install -c
configure:2615: checking whether build environment is sane
configure:2670: result: yes
configure:2821: checking for a thread-safe mkdir -p
configure:2860: result: /bin/mkdir -p
configure:2867: checking for gawk
configure:2897: result: no
configure:2867: checking for mawk
configure:2883: found /usr/bin/mawk
configure:2894: result: mawk
configure:2905: checking whether make sets $(MAKE)
configure:2927: result: yes
configure:2956: checking whether make supports nested variables
configure:2973: result: yes
configure:3106: checking build system type
configure:3120: result: x86_64-pc-linux-gnu
configure:3140: checking host system type
configure:3153: result: x86_64-pc-linux-gnu
configure:3433: checking for g++
configure:3449: found /usr/bin/g++
configure:3460: result: g++
configure:3487: checking for C++ compiler version
configure:3496: g++ --version >&5
g++ (Ubuntu 5.4.0-6ubuntu1~16.04.5) 5.4.0 20160609
Copyright (C) 2015 Free Software Foundation, Inc.
This is free software; see the source for copying conditions.  There is NO
warranty; not even for MERCHANTABILITY or FITNESS FOR A PARTICULAR PURPOSE.

configure:3507: $? = 0
configure:3496: g++ -v >&5
Using built-in specs.
COLLECT_GCC=g++
COLLECT_LTO_WRAPPER=/usr/lib/gcc/x86_64-linux-gnu/5/lto-wrapper
Target: x86_64-linux-gnu
Configured with: ../src/configure -v --with-pkgversion='Ubuntu 5.4.0-6ubuntu1~16.04.5' --with-bugurl=file:///usr/share/doc/gcc-5/README.Bugs --enable-languages=c,ada,c++,java,go,d,fortran,objc,obj-c++ --prefix=/usr --program-suffix=-5 --enable-shared --enable-linker-build-id --libexecdir=/usr/lib --without-included-gettext --enable-threads=posix --libdir=/usr/lib --enable-nls --with-sysroot=/ --enable-clocale=gnu --enable-libstdcxx-debug --enable-libstdcxx-time=yes --with-default-libstdcxx-abi=new --enable-gnu-unique-object --disable-vtable-verify --enable-libmpx --enable-plugin --with-system-zlib --disable-browser-plugin --enable-java-awt=gtk --enable-gtk-cairo --with-java-home=/usr/lib/jvm/java-1.5.0-gcj-5-amd64/jre --enable-java-home --with-jvm-root-dir=/usr/lib/jvm/java-1.5.0-gcj-5-amd64 --with-jvm-jar-dir=/usr/lib/jvm-exports/java-1.5.0-gcj-5-amd64 --with-arch-directory=amd64 --with-ecj-jar=/usr/share/java/eclipse-ecj.jar --enable-objc-gc --enable-multiarch --disable-werror --with-arch-32=i686 --with-abi=m64 --with-multilib-list=m32,m64,mx32 --enable-multilib --with-tune=generic --enable-checking=release --build=x86_64-linux-gnu --host=x86_64-linux-gnu --target=x86_64-linux-gnu
Thread model: posix
gcc version 5.4.0 20160609 (Ubuntu 5.4.0-6ubuntu1~16.04.5) 
configure:3507: $? = 0
configure:3496: g++ -V >&5
g++: error: unrecognized command line option '-V'
g++: fatal error: no input files
compilation terminated.
configure:3507: $? = 1
configure:3496: g++ -qversion >&5
g++: error: unrecognized command line option '-qversion'
g++: fatal error: no input files
compilation terminated.
configure:3507: $? = 1
configure:3527: checking whether the C++ compiler works
configure:3549: g++    -Wall -fPIC -std=gnu++0x -Wall -fPIC   conftest.cpp  >&5
configure:3553: $? = 0
configure:3601: result: yes
configure:3604: checking for C++ compiler default output file name
configure:3606: result: a.out
configure:3612: checking for suffix of executables
configure:3619: g++ -o conftest    -Wall -fPIC -std=gnu++0x -Wall -fPIC   conftest.cpp  >&5
configure:3623: $? = 0
configure:3645: result: 
configure:3667: checking whether we are cross compiling
configure:3675: g++ -o conftest    -Wall -fPIC -std=gnu++0x -Wall -fPIC   conftest.cpp  >&5
configure:3679: $? = 0
configure:3686: ./conftest
configure:3690: $? = 0
configure:3705: result: no
configure:3710: checking for suffix of object files
configure:3732: g++ -c    -Wall -fPIC -std=gnu++0x -Wall -fPIC  conftest.cpp >&5
configure:3736: $? = 0
configure:3757: result: o
configure:3761: checking whether we are using the GNU C++ compiler
configure:3780: g++ -c    -Wall -fPIC -std=gnu++0x -Wall -fPIC  conftest.cpp >&5
configure:3780: $? = 0
configure:3789: result: yes
configure:3798: checking whether g++ accepts -g
configure:3818: g++ -c -g  conftest.cpp >&5
configure:3818: $? = 0
configure:3859: result: yes
configure:3893: checking for style of include used by make
configure:3921: result: GNU
configure:3947: checking dependency style of g++
configure:4058: result: gcc3
configure:4126: checking how to print strings
configure:4153: result: printf
configure:4222: checking for gcc
configure:4238: found /usr/bin/gcc
configure:4249: result: gcc
configure:4478: checking for C compiler version
configure:4487: gcc --version >&5
gcc (Ubuntu 5.4.0-6ubuntu1~16.04.5) 5.4.0 20160609
Copyright (C) 2015 Free Software Foundation, Inc.
This is free software; see the source for copying conditions.  There is NO
warranty; not even for MERCHANTABILITY or FITNESS FOR A PARTICULAR PURPOSE.

configure:4498: $? = 0
configure:4487: gcc -v >&5
Using built-in specs.
COLLECT_GCC=gcc
COLLECT_LTO_WRAPPER=/usr/lib/gcc/x86_64-linux-gnu/5/lto-wrapper
Target: x86_64-linux-gnu
Configured with: ../src/configure -v --with-pkgversion='Ubuntu 5.4.0-6ubuntu1~16.04.5' --with-bugurl=file:///usr/share/doc/gcc-5/README.Bugs --enable-languages=c,ada,c++,java,go,d,fortran,objc,obj-c++ --prefix=/usr --program-suffix=-5 --enable-shared --enable-linker-build-id --libexecdir=/usr/lib --without-included-gettext --enable-threads=posix --libdir=/usr/lib --enable-nls --with-sysroot=/ --enable-clocale=gnu --enable-libstdcxx-debug --enable-libstdcxx-time=yes --with-default-libstdcxx-abi=new --enable-gnu-unique-object --disable-vtable-verify --enable-libmpx --enable-plugin --with-system-zlib --disable-browser-plugin --enable-java-awt=gtk --enable-gtk-cairo --with-java-home=/usr/lib/jvm/java-1.5.0-gcj-5-amd64/jre --enable-java-home --with-jvm-root-dir=/usr/lib/jvm/java-1.5.0-gcj-5-amd64 --with-jvm-jar-dir=/usr/lib/jvm-exports/java-1.5.0-gcj-5-amd64 --with-arch-directory=amd64 --with-ecj-jar=/usr/share/java/eclipse-ecj.jar --enable-objc-gc --enable-multiarch --disable-werror --with-arch-32=i686 --with-abi=m64 --with-multilib-list=m32,m64,mx32 --enable-multilib --with-tune=generic --enable-checking=release --build=x86_64-linux-gnu --host=x86_64-linux-gnu --target=x86_64-linux-gnu
Thread model: posix
gcc version 5.4.0 20160609 (Ubuntu 5.4.0-6ubuntu1~16.04.5) 
configure:4498: $? = 0
configure:4487: gcc -V >&5
gcc: error: unrecognized command line option '-V'
gcc: fatal error: no input files
compilation terminated.
configure:4498: $? = 1
configure:4487: gcc -qversion >&5
gcc: error: unrecognized command line option '-qversion'
gcc: fatal error: no input files
compilation terminated.
configure:4498: $? = 1
configure:4502: checking whether we are using the GNU C compiler
configure:4521: gcc -c   conftest.c >&5
configure:4521: $? = 0
configure:4530: result: yes
configure:4539: checking whether gcc accepts -g
configure:4559: gcc -c -g  conftest.c >&5
configure:4559: $? = 0
configure:4600: result: yes
configure:4617: checking for gcc option to accept ISO C89
configure:4680: gcc  -c -g -O2  conftest.c >&5
configure:4680: $? = 0
configure:4693: result: none needed
configure:4718: checking whether gcc understands -c and -o together
configure:4740: gcc -c conftest.c -o conftest2.o
configure:4743: $? = 0
configure:4740: gcc -c conftest.c -o conftest2.o
configure:4743: $? = 0
configure:4755: result: yes
configure:4774: checking dependency style of gcc
configure:4885: result: gcc3
configure:4900: checking for a sed that does not truncate output
configure:4964: result: /bin/sed
configure:4982: checking for grep that handles long lines and -e
configure:5040: result: /bin/grep
configure:5045: checking for egrep
configure:5107: result: /bin/grep -E
configure:5112: checking for fgrep
configure:5174: result: /bin/grep -F
configure:5209: checking for ld used by gcc
configure:5276: result: /usr/bin/ld
configure:5283: checking if the linker (/usr/bin/ld) is GNU ld
configure:5298: result: yes
configure:5310: checking for BSD- or MS-compatible name lister (nm)
configure:5364: result: /usr/bin/nm -B
configure:5494: checking the name lister (/usr/bin/nm -B) interface
configure:5501: gcc -c -g -O2  conftest.c >&5
configure:5504: /usr/bin/nm -B "conftest.o"
configure:5507: output
0000000000000000 B some_variable
configure:5514: result: BSD nm
configure:5517: checking whether ln -s works
configure:5521: result: yes
configure:5529: checking the maximum length of command line arguments
configure:5660: result: 1572864
configure:5708: checking how to convert x86_64-pc-linux-gnu file names to x86_64-pc-linux-gnu format
configure:5748: result: func_convert_file_noop
configure:5755: checking how to convert x86_64-pc-linux-gnu file names to toolchain format
configure:5775: result: func_convert_file_noop
configure:5782: checking for /usr/bin/ld option to reload object files
configure:5789: result: -r
configure:5863: checking for objdump
configure:5879: found /usr/bin/objdump
configure:5890: result: objdump
configure:5922: checking how to recognize dependent libraries
configure:6122: result: pass_all
configure:6207: checking for dlltool
configure:6237: result: no
configure:6267: checking how to associate runtime and link libraries
configure:6294: result: printf %s\n
configure:6355: checking for ar
configure:6371: found /usr/bin/ar
configure:6382: result: ar
configure:6419: checking for archiver @FILE support
configure:6436: gcc -c -g -O2  conftest.c >&5
configure:6436: $? = 0
configure:6439: ar cru libconftest.a @conftest.lst >&5
ar: `u' modifier ignored since `D' is the default (see `U')
configure:6442: $? = 0
configure:6447: ar cru libconftest.a @conftest.lst >&5
ar: `u' modifier ignored since `D' is the default (see `U')
ar: conftest.o: No such file or directory
configure:6450: $? = 1
configure:6462: result: @
configure:6520: checking for strip
configure:6536: found /usr/bin/strip
configure:6547: result: strip
configure:6619: checking for ranlib
configure:6635: found /usr/bin/ranlib
configure:6646: result: ranlib
configure:6748: checking command to parse /usr/bin/nm -B output from gcc object
configure:6901: gcc -c -g -O2  conftest.c >&5
configure:6904: $? = 0
configure:6908: /usr/bin/nm -B conftest.o \| sed -n -e 's/^.*[ ]\([ABCDGIRSTW][ABCDGIRSTW]*\)[ ][ ]*\([_A-Za-z][_A-Za-z0-9]*\)$/\1 \2 \2/p' | sed '/ __gnu_lto/d' \> conftest.nm
configure:6911: $? = 0
configure:6977: gcc -o conftest -g -O2   conftest.c conftstm.o >&5
configure:6980: $? = 0
configure:7018: result: ok
configure:7065: checking for sysroot
configure:7095: result: no
configure:7102: checking for a working dd
configure:7140: result: /bin/dd
configure:7144: checking how to truncate binary pipes
configure:7159: result: /bin/dd bs=4096 count=1
configure:7295: gcc -c -g -O2  conftest.c >&5
configure:7298: $? = 0
configure:7488: checking for mt
configure:7504: found /bin/mt
configure:7515: result: mt
configure:7538: checking if mt is a manifest tool
configure:7544: mt '-?'
configure:7552: result: no
configure:8229: checking how to run the C preprocessor
configure:8260: gcc -E  conftest.c
configure:8260: $? = 0
configure:8274: gcc -E  conftest.c
conftest.c:11:28: fatal error: ac_nonexistent.h: No such file or directory
compilation terminated.
configure:8274: $? = 1
configure: failed program was:
| /* confdefs.h */
| #define PACKAGE_NAME "FreeLing"
| #define PACKAGE_TARNAME "freeling"
| #define PACKAGE_VERSION "4.0"
| #define PACKAGE_STRING "FreeLing 4.0"
| #define PACKAGE_BUGREPORT ""
| #define PACKAGE_URL ""
| #define PACKAGE "freeling"
| #define VERSION "4.0"
| /* end confdefs.h.  */
| #include <ac_nonexistent.h>
configure:8299: result: gcc -E
configure:8319: gcc -E  conftest.c
configure:8319: $? = 0
configure:8333: gcc -E  conftest.c
conftest.c:11:28: fatal error: ac_nonexistent.h: No such file or directory
compilation terminated.
configure:8333: $? = 1
configure: failed program was:
| /* confdefs.h */
| #define PACKAGE_NAME "FreeLing"
| #define PACKAGE_TARNAME "freeling"
| #define PACKAGE_VERSION "4.0"
| #define PACKAGE_STRING "FreeLing 4.0"
| #define PACKAGE_BUGREPORT ""
| #define PACKAGE_URL ""
| #define PACKAGE "freeling"
| #define VERSION "4.0"
| /* end confdefs.h.  */
| #include <ac_nonexistent.h>
configure:8362: checking for ANSI C header files
configure:8382: gcc -c -g -O2  conftest.c >&5
configure:8382: $? = 0
configure:8455: gcc -o conftest -g -O2   conftest.c  >&5
configure:8455: $? = 0
configure:8455: ./conftest
configure:8455: $? = 0
configure:8466: result: yes
configure:8479: checking for sys/types.h
configure:8479: gcc -c -g -O2  conftest.c >&5
configure:8479: $? = 0
configure:8479: result: yes
configure:8479: checking for sys/stat.h
configure:8479: gcc -c -g -O2  conftest.c >&5
configure:8479: $? = 0
configure:8479: result: yes
configure:8479: checking for stdlib.h
configure:8479: gcc -c -g -O2  conftest.c >&5
configure:8479: $? = 0
configure:8479: result: yes
configure:8479: checking for string.h
configure:8479: gcc -c -g -O2  conftest.c >&5
configure:8479: $? = 0
configure:8479: result: yes
configure:8479: checking for memory.h
configure:8479: gcc -c -g -O2  conftest.c >&5
configure:8479: $? = 0
configure:8479: result: yes
configure:8479: checking for strings.h
configure:8479: gcc -c -g -O2  conftest.c >&5
configure:8479: $? = 0
configure:8479: result: yes
configure:8479: checking for inttypes.h
configure:8479: gcc -c -g -O2  conftest.c >&5
configure:8479: $? = 0
configure:8479: result: yes
configure:8479: checking for stdint.h
configure:8479: gcc -c -g -O2  conftest.c >&5
configure:8479: $? = 0
configure:8479: result: yes
configure:8479: checking for unistd.h
configure:8479: gcc -c -g -O2  conftest.c >&5
configure:8479: $? = 0
configure:8479: result: yes
configure:8493: checking for dlfcn.h
configure:8493: gcc -c -g -O2  conftest.c >&5
configure:8493: $? = 0
configure:8493: result: yes
configure:8760: checking for objdir
configure:8775: result: .libs
configure:9039: checking if gcc supports -fno-rtti -fno-exceptions
configure:9057: gcc -c -g -O2  -fno-rtti -fno-exceptions conftest.c >&5
cc1: warning: command line option '-fno-rtti' is valid for C++/ObjC++ but not for C
configure:9061: $? = 0
configure:9074: result: no
configure:9432: checking for gcc option to produce PIC
configure:9439: result: -fPIC -DPIC
configure:9447: checking if gcc PIC flag -fPIC -DPIC works
configure:9465: gcc -c -g -O2  -fPIC -DPIC -DPIC conftest.c >&5
configure:9469: $? = 0
configure:9482: result: yes
configure:9511: checking if gcc static flag -static works
configure:9539: result: yes
configure:9554: checking if gcc supports -c -o file.o
configure:9575: gcc -c -g -O2  -o out/conftest2.o conftest.c >&5
configure:9579: $? = 0
configure:9601: result: yes
configure:9609: checking if gcc supports -c -o file.o
configure:9656: result: yes
configure:9689: checking whether the gcc linker (/usr/bin/ld -m elf_x86_64) supports shared libraries
configure:10952: result: yes
configure:10989: checking whether -lc should be explicitly linked in
configure:10997: gcc -c -g -O2  conftest.c >&5
configure:11000: $? = 0
configure:11015: gcc -shared  -fPIC -DPIC conftest.o  -v -Wl,-soname -Wl,conftest -o conftest 2\>\&1 \| /bin/grep  -lc  \>/dev/null 2\>\&1
configure:11018: $? = 0
configure:11032: result: no
configure:11192: checking dynamic linker characteristics
configure:11773: gcc -o conftest -g -O2   -Wl,-rpath -Wl,/foo conftest.c  >&5
configure:11773: $? = 0
configure:12022: result: GNU/Linux ld.so
configure:12144: checking how to hardcode library paths into programs
configure:12169: result: immediate
configure:12717: checking whether stripping libraries is possible
configure:12722: result: yes
configure:12757: checking if libtool supports shared libraries
configure:12759: result: yes
configure:12762: checking whether to build shared libraries
configure:12787: result: yes
configure:12790: checking whether to build static libraries
configure:12794: result: yes
configure:12817: checking how to run the C++ preprocessor
configure:12844: g++ -E  conftest.cpp
configure:12844: $? = 0
configure:12858: g++ -E  conftest.cpp
conftest.cpp:23:28: fatal error: ac_nonexistent.h: No such file or directory
compilation terminated.
configure:12858: $? = 1
configure: failed program was:
| /* confdefs.h */
| #define PACKAGE_NAME "FreeLing"
| #define PACKAGE_TARNAME "freeling"
| #define PACKAGE_VERSION "4.0"
| #define PACKAGE_STRING "FreeLing 4.0"
| #define PACKAGE_BUGREPORT ""
| #define PACKAGE_URL ""
| #define PACKAGE "freeling"
| #define VERSION "4.0"
| #define STDC_HEADERS 1
| #define HAVE_SYS_TYPES_H 1
| #define HAVE_SYS_STAT_H 1
| #define HAVE_STDLIB_H 1
| #define HAVE_STRING_H 1
| #define HAVE_MEMORY_H 1
| #define HAVE_STRINGS_H 1
| #define HAVE_INTTYPES_H 1
| #define HAVE_STDINT_H 1
| #define HAVE_UNISTD_H 1
| #define HAVE_DLFCN_H 1
| #define LT_OBJDIR ".libs/"
| /* end confdefs.h.  */
| #include <ac_nonexistent.h>
configure:12883: result: g++ -E
configure:12903: g++ -E  conftest.cpp
configure:12903: $? = 0
configure:12917: g++ -E  conftest.cpp
conftest.cpp:23:28: fatal error: ac_nonexistent.h: No such file or directory
compilation terminated.
configure:12917: $? = 1
configure: failed program was:
| /* confdefs.h */
| #define PACKAGE_NAME "FreeLing"
| #define PACKAGE_TARNAME "freeling"
| #define PACKAGE_VERSION "4.0"
| #define PACKAGE_STRING "FreeLing 4.0"
| #define PACKAGE_BUGREPORT ""
| #define PACKAGE_URL ""
| #define PACKAGE "freeling"
| #define VERSION "4.0"
| #define STDC_HEADERS 1
| #define HAVE_SYS_TYPES_H 1
| #define HAVE_SYS_STAT_H 1
| #define HAVE_STDLIB_H 1
| #define HAVE_STRING_H 1
| #define HAVE_MEMORY_H 1
| #define HAVE_STRINGS_H 1
| #define HAVE_INTTYPES_H 1
| #define HAVE_STDINT_H 1
| #define HAVE_UNISTD_H 1
| #define HAVE_DLFCN_H 1
| #define LT_OBJDIR ".libs/"
| /* end confdefs.h.  */
| #include <ac_nonexistent.h>
configure:13079: checking for ld used by g++
configure:13146: result: /usr/bin/ld -m elf_x86_64
configure:13153: checking if the linker (/usr/bin/ld -m elf_x86_64) is GNU ld
configure:13168: result: yes
configure:13223: checking whether the g++ linker (/usr/bin/ld -m elf_x86_64) supports shared libraries
configure:14296: result: yes
configure:14332: g++ -c    -Wall -fPIC -std=gnu++0x -Wall -fPIC  conftest.cpp >&5
configure:14335: $? = 0
configure:14816: checking for g++ option to produce PIC
configure:14823: result: -fPIC -DPIC
configure:14831: checking if g++ PIC flag -fPIC -DPIC works
configure:14849: g++ -c    -Wall -fPIC -std=gnu++0x -Wall -fPIC  -fPIC -DPIC -DPIC conftest.cpp >&5
configure:14853: $? = 0
configure:14866: result: yes
configure:14889: checking if g++ static flag -static works
configure:14917: result: yes
configure:14929: checking if g++ supports -c -o file.o
configure:14950: g++ -c    -Wall -fPIC -std=gnu++0x -Wall -fPIC  -o out/conftest2.o conftest.cpp >&5
configure:14954: $? = 0
configure:14976: result: yes
configure:14981: checking if g++ supports -c -o file.o
configure:15028: result: yes
configure:15058: checking whether the g++ linker (/usr/bin/ld -m elf_x86_64) supports shared libraries
configure:15101: result: yes
configure:15242: checking dynamic linker characteristics
configure:15999: result: GNU/Linux ld.so
configure:16064: checking how to hardcode library paths into programs
configure:16089: result: immediate
configure:16151: checking whether ln -s works
configure:16155: result: yes
configure:16162: checking whether make sets $(MAKE)
configure:16184: result: yes
configure:16213: g++ -c    -Wall -fPIC -std=gnu++0x -Wall -fPIC  conftest.cpp >&5
configure:16213: $? = 0
configure:16268: checking boost/regex.hpp usability
configure:16268: g++ -c    -Wall -fPIC -std=gnu++0x -Wall -fPIC  conftest.cpp >&5
configure:16268: $? = 0
configure:16268: result: yes
configure:16268: checking boost/regex.hpp presence
configure:16268: g++ -E  conftest.cpp
configure:16268: $? = 0
configure:16268: result: yes
configure:16268: checking for boost/regex.hpp
configure:16268: result: yes
configure:16286: checking boost/regex/icu.hpp usability
configure:16286: g++ -c    -Wall -fPIC -std=gnu++0x -Wall -fPIC  conftest.cpp >&5
configure:16286: $? = 0
configure:16286: result: yes
configure:16286: checking boost/regex/icu.hpp presence
configure:16286: g++ -E  conftest.cpp
configure:16286: $? = 0
configure:16286: result: yes
configure:16286: checking for boost/regex/icu.hpp
configure:16286: result: yes
configure:16306: checking boost/program_options.hpp usability
configure:16306: g++ -c    -Wall -fPIC -std=gnu++0x -Wall -fPIC  conftest.cpp >&5
configure:16306: $? = 0
configure:16306: result: yes
configure:16306: checking boost/program_options.hpp presence
configure:16306: g++ -E  conftest.cpp
configure:16306: $? = 0
configure:16306: result: yes
configure:16306: checking for boost/program_options.hpp
configure:16306: result: yes
configure:16324: checking boost/thread.hpp usability
configure:16324: g++ -c    -Wall -fPIC -std=gnu++0x -Wall -fPIC  conftest.cpp >&5
configure:16324: $? = 0
configure:16324: result: yes
configure:16324: checking boost/thread.hpp presence
configure:16324: g++ -E  conftest.cpp
configure:16324: $? = 0
configure:16324: result: yes
configure:16324: checking for boost/thread.hpp
configure:16324: result: yes
configure:16342: checking boost/thread/mutex.hpp usability
configure:16342: g++ -c    -Wall -fPIC -std=gnu++0x -Wall -fPIC  conftest.cpp >&5
configure:16342: $? = 0
configure:16342: result: yes
configure:16342: checking boost/thread/mutex.hpp presence
configure:16342: g++ -E  conftest.cpp
configure:16342: $? = 0
configure:16342: result: yes
configure:16342: checking for boost/thread/mutex.hpp
configure:16342: result: yes
configure:16360: checking zlib.h usability
configure:16360: g++ -c    -Wall -fPIC -std=gnu++0x -Wall -fPIC  conftest.cpp >&5
configure:16360: $? = 0
configure:16360: result: yes
configure:16360: checking zlib.h presence
configure:16360: g++ -E  conftest.cpp
configure:16360: $? = 0
configure:16360: result: yes
configure:16360: checking for zlib.h
configure:16360: result: yes
configure:16394: g++ -o conftest    -Wall -fPIC -std=gnu++0x -Wall -fPIC   conftest.cpp  >&5
configure:16394: $? = 0
configure:16418: checking for main in -licuuc
configure:16437: g++ -o conftest    -Wall -fPIC -std=gnu++0x -Wall -fPIC   conftest.cpp -licuuc   >&5
configure:16437: $? = 0
configure:16446: result: yes
configure:16460: checking for main in -lboost_regex
configure:16479: g++ -o conftest    -Wall -fPIC -std=gnu++0x -Wall -fPIC   conftest.cpp -lboost_regex   >&5
configure:16479: $? = 0
configure:16488: result: yes
configure:16599: g++ -o conftest    -Wall -fPIC -std=gnu++0x -Wall -fPIC   conftest.cpp   -lboost_regex >&5
configure:16599: $? = 0
configure:16649: checking for main in -lboost_program_options
configure:16668: g++ -o conftest    -Wall -fPIC -std=gnu++0x -Wall -fPIC   conftest.cpp -lboost_program_options   >&5
configure:16668: $? = 0
configure:16677: result: yes
configure:16775: checking for main in -lboost_system
configure:16794: g++ -o conftest    -Wall -fPIC -std=gnu++0x -Wall -fPIC   conftest.cpp -lboost_system   >&5
configure:16794: $? = 0
configure:16803: result: yes
configure:16902: checking for main in -lboost_thread
configure:16921: g++ -o conftest    -Wall -fPIC -std=gnu++0x -Wall -fPIC   conftest.cpp -lboost_thread    -lboost_system >&5
configure:16921: $? = 0
configure:16930: result: yes
configure:17029: checking for main in -lz
configure:17048: g++ -o conftest    -Wall -fPIC -std=gnu++0x -Wall -fPIC   conftest.cpp -lz   >&5
configure:17048: $? = 0
configure:17057: result: yes
configure:17073: checking for stdbool.h that conforms to C99
configure:17140: g++ -c    -Wall -fPIC -std=gnu++0x -Wall -fPIC  conftest.cpp >&5
conftest.cpp:32:15: error: expected unqualified-id before string constant
               "error: bool is not defined"
               ^
conftest.cpp:50:48: error: 's' does not name a type
              struct s { _Bool s: 1; _Bool t; } s;
                                                ^
conftest.cpp:60:28: error: 's' was not declared in this scope
              char i[sizeof s.t];
                            ^
conftest.cpp: In function 'int main()':
conftest.cpp:78:24: error: 's' was not declared in this scope
              bool e = &s;
                        ^
conftest.cpp:82:23: warning: the address of 'a' will always evaluate as 'true' [-Waddress]
              return (!a + !b + !c + !d + !e + !f + !g + !h + !i + !!j + !k + !!l
                       ^
conftest.cpp:82:28: warning: the address of 'b' will always evaluate as 'true' [-Waddress]
              return (!a + !b + !c + !d + !e + !f + !g + !h + !i + !!j + !k + !!l
                            ^
conftest.cpp:82:33: warning: the address of 'c' will always evaluate as 'true' [-Waddress]
              return (!a + !b + !c + !d + !e + !f + !g + !h + !i + !!j + !k + !!l
                                 ^
conftest.cpp:82:38: warning: the address of 'd' will always evaluate as 'true' [-Waddress]
              return (!a + !b + !c + !d + !e + !f + !g + !h + !i + !!j + !k + !!l
                                      ^
conftest.cpp:82:48: warning: the address of 'f' will always evaluate as 'true' [-Waddress]
              return (!a + !b + !c + !d + !e + !f + !g + !h + !i + !!j + !k + !!l
                                                ^
conftest.cpp:82:53: warning: the address of 'g' will always evaluate as 'true' [-Waddress]
              return (!a + !b + !c + !d + !e + !f + !g + !h + !i + !!j + !k + !!l
                                                     ^
conftest.cpp:82:58: warning: the address of 'h' will always evaluate as 'true' [-Waddress]
              return (!a + !b + !c + !d + !e + !f + !g + !h + !i + !!j + !k + !!l
                                                          ^
conftest.cpp:82:63: error: 'i' was not declared in this scope
              return (!a + !b + !c + !d + !e + !f + !g + !h + !i + !!j + !k + !!l
                                                               ^
conftest.cpp:83:30: warning: the address of 'n' will always evaluate as 'true' [-Waddress]
                              ^
conftest.cpp:83:35: warning: the address of 'o' will always evaluate as 'true' [-Waddress]
                                   ^
conftest.cpp:83:40: warning: the address of 'p' will always evaluate as 'true' [-Waddress]
                                        ^
configure:17140: $? = 1
configure: failed program was:
| /* confdefs.h */
| #define PACKAGE_NAME "FreeLing"
| #define PACKAGE_TARNAME "freeling"
| #define PACKAGE_VERSION "4.0"
| #define PACKAGE_STRING "FreeLing 4.0"
| #define PACKAGE_BUGREPORT ""
| #define PACKAGE_URL ""
| #define PACKAGE "freeling"
| #define VERSION "4.0"
| #define STDC_HEADERS 1
| #define HAVE_SYS_TYPES_H 1
| #define HAVE_SYS_STAT_H 1
| #define HAVE_STDLIB_H 1
| #define HAVE_STRING_H 1
| #define HAVE_MEMORY_H 1
| #define HAVE_STRINGS_H 1
| #define HAVE_INTTYPES_H 1
| #define HAVE_STDINT_H 1
| #define HAVE_UNISTD_H 1
| #define HAVE_DLFCN_H 1
| #define LT_OBJDIR ".libs/"
| #define HAVE_BOOST_REGEX_HPP 1
| #define HAVE_BOOST_REGEX_ICU_HPP 1
| #define HAVE_BOOST_PROGRAM_OPTIONS_HPP 1
| #define HAVE_BOOST_THREAD_HPP 1
| #define HAVE_BOOST_THREAD_MUTEX_HPP 1
| #define HAVE_ZLIB_H 1
| /* end confdefs.h.  */
| 
|              #include <stdbool.h>
|              #ifndef bool
|               "error: bool is not defined"
|              #endif
|              #ifndef false
|               "error: false is not defined"
|              #endif
|              #if false
|               "error: false is not 0"
|              #endif
|              #ifndef true
|               "error: true is not defined"
|              #endif
|              #if true != 1
|               "error: true is not 1"
|              #endif
|              #ifndef __bool_true_false_are_defined
|               "error: __bool_true_false_are_defined is not defined"
|              #endif
| 
|              struct s { _Bool s: 1; _Bool t; } s;
| 
|              char a[true == 1 ? 1 : -1];
|              char b[false == 0 ? 1 : -1];
|              char c[__bool_true_false_are_defined == 1 ? 1 : -1];
|              char d[(bool) 0.5 == true ? 1 : -1];
|              /* See body of main program for 'e'.  */
|              char f[(_Bool) 0.0 == false ? 1 : -1];
|              char g[true];
|              char h[sizeof (_Bool)];
|              char i[sizeof s.t];
|              enum { j = false, k = true, l = false * true, m = true * 256 };
|              /* The following fails for
|                 HP aC++/ANSI C B3910B A.05.55 [Dec 04 2003]. */
|              _Bool n[m];
|              char o[sizeof n == m * sizeof n[0] ? 1 : -1];
|              char p[-1 - (_Bool) 0 < 0 && -1 - (bool) 0 < 0 ? 1 : -1];
|              /* Catch a bug in an HP-UX C compiler.  See
|                 http://gcc.gnu.org/ml/gcc-patches/2003-12/msg02303.html
|                 http://lists.gnu.org/archive/html/bug-coreutils/2005-11/msg00161.html
|               */
|              _Bool q = true;
|              _Bool *pq = &q;
| 
| int
| main ()
| {
| 
|              bool e = &s;
|              *pq |= q;
|              *pq |= ! q;
|              /* Refer to every declared value, to avoid compiler optimizations.  */
|              return (!a + !b + !c + !d + !e + !f + !g + !h + !i + !!j + !k + !!l
|                      + !m + !n + !o + !p + !q + !pq);
| 
|   ;
|   return 0;
| }
configure:17147: result: no
configure:17149: checking for _Bool
configure:17149: g++ -c    -Wall -fPIC -std=gnu++0x -Wall -fPIC  conftest.cpp >&5
conftest.cpp: In function 'int main()':
conftest.cpp:65:13: error: '_Bool' was not declared in this scope
 if (sizeof (_Bool))
             ^
configure:17149: $? = 1
configure: failed program was:
| /* confdefs.h */
| #define PACKAGE_NAME "FreeLing"
| #define PACKAGE_TARNAME "freeling"
| #define PACKAGE_VERSION "4.0"
| #define PACKAGE_STRING "FreeLing 4.0"
| #define PACKAGE_BUGREPORT ""
| #define PACKAGE_URL ""
| #define PACKAGE "freeling"
| #define VERSION "4.0"
| #define STDC_HEADERS 1
| #define HAVE_SYS_TYPES_H 1
| #define HAVE_SYS_STAT_H 1
| #define HAVE_STDLIB_H 1
| #define HAVE_STRING_H 1
| #define HAVE_MEMORY_H 1
| #define HAVE_STRINGS_H 1
| #define HAVE_INTTYPES_H 1
| #define HAVE_STDINT_H 1
| #define HAVE_UNISTD_H 1
| #define HAVE_DLFCN_H 1
| #define LT_OBJDIR ".libs/"
| #define HAVE_BOOST_REGEX_HPP 1
| #define HAVE_BOOST_REGEX_ICU_HPP 1
| #define HAVE_BOOST_PROGRAM_OPTIONS_HPP 1
| #define HAVE_BOOST_THREAD_HPP 1
| #define HAVE_BOOST_THREAD_MUTEX_HPP 1
| #define HAVE_ZLIB_H 1
| /* end confdefs.h.  */
| #include <stdio.h>
| #ifdef HAVE_SYS_TYPES_H
| # include <sys/types.h>
| #endif
| #ifdef HAVE_SYS_STAT_H
| # include <sys/stat.h>
| #endif
| #ifdef STDC_HEADERS
| # include <stdlib.h>
| # include <stddef.h>
| #else
| # ifdef HAVE_STDLIB_H
| #  include <stdlib.h>
| # endif
| #endif
| #ifdef HAVE_STRING_H
| # if !defined STDC_HEADERS && defined HAVE_MEMORY_H
| #  include <memory.h>
| # endif
| # include <string.h>
| #endif
| #ifdef HAVE_STRINGS_H
| # include <strings.h>
| #endif
| #ifdef HAVE_INTTYPES_H
| # include <inttypes.h>
| #endif
| #ifdef HAVE_STDINT_H
| # include <stdint.h>
| #endif
| #ifdef HAVE_UNISTD_H
| # include <unistd.h>
| #endif
| int
| main ()
| {
| if (sizeof (_Bool))
| 	 return 0;
|   ;
|   return 0;
| }
configure:17149: result: no
configure:17166: checking for an ANSI C-conforming const
configure:17232: g++ -c    -Wall -fPIC -std=gnu++0x -Wall -fPIC  conftest.cpp >&5
configure:17232: $? = 0
configure:17239: result: yes
configure:17247: checking for inline
configure:17263: g++ -c    -Wall -fPIC -std=gnu++0x -Wall -fPIC  conftest.cpp >&5
configure:17263: $? = 0
configure:17271: result: inline
configure:17289: checking for size_t
configure:17289: g++ -c    -Wall -fPIC -std=gnu++0x -Wall -fPIC  conftest.cpp >&5
configure:17289: $? = 0
configure:17289: g++ -c    -Wall -fPIC -std=gnu++0x -Wall -fPIC  conftest.cpp >&5
conftest.cpp: In function 'int main()':
conftest.cpp:65:20: error: expected primary-expression before ')' token
 if (sizeof ((size_t)))
                    ^
configure:17289: $? = 1
configure: failed program was:
| /* confdefs.h */
| #define PACKAGE_NAME "FreeLing"
| #define PACKAGE_TARNAME "freeling"
| #define PACKAGE_VERSION "4.0"
| #define PACKAGE_STRING "FreeLing 4.0"
| #define PACKAGE_BUGREPORT ""
| #define PACKAGE_URL ""
| #define PACKAGE "freeling"
| #define VERSION "4.0"
| #define STDC_HEADERS 1
| #define HAVE_SYS_TYPES_H 1
| #define HAVE_SYS_STAT_H 1
| #define HAVE_STDLIB_H 1
| #define HAVE_STRING_H 1
| #define HAVE_MEMORY_H 1
| #define HAVE_STRINGS_H 1
| #define HAVE_INTTYPES_H 1
| #define HAVE_STDINT_H 1
| #define HAVE_UNISTD_H 1
| #define HAVE_DLFCN_H 1
| #define LT_OBJDIR ".libs/"
| #define HAVE_BOOST_REGEX_HPP 1
| #define HAVE_BOOST_REGEX_ICU_HPP 1
| #define HAVE_BOOST_PROGRAM_OPTIONS_HPP 1
| #define HAVE_BOOST_THREAD_HPP 1
| #define HAVE_BOOST_THREAD_MUTEX_HPP 1
| #define HAVE_ZLIB_H 1
| /* end confdefs.h.  */
| #include <stdio.h>
| #ifdef HAVE_SYS_TYPES_H
| # include <sys/types.h>
| #endif
| #ifdef HAVE_SYS_STAT_H
| # include <sys/stat.h>
| #endif
| #ifdef STDC_HEADERS
| # include <stdlib.h>
| # include <stddef.h>
| #else
| # ifdef HAVE_STDLIB_H
| #  include <stdlib.h>
| # endif
| #endif
| #ifdef HAVE_STRING_H
| # if !defined STDC_HEADERS && defined HAVE_MEMORY_H
| #  include <memory.h>
| # endif
| # include <string.h>
| #endif
| #ifdef HAVE_STRINGS_H
| # include <strings.h>
| #endif
| #ifdef HAVE_INTTYPES_H
| # include <inttypes.h>
| #endif
| #ifdef HAVE_STDINT_H
| # include <stdint.h>
| #endif
| #ifdef HAVE_UNISTD_H
| # include <unistd.h>
| #endif
| int
| main ()
| {
| if (sizeof ((size_t)))
| 	    return 0;
|   ;
|   return 0;
| }
configure:17289: result: yes
configure:17300: checking for ANSI C header files
configure:17404: result: yes
configure:17564: checking that generated files are newer than configure
configure:17570: result: done
configure:17693: creating ./config.status

## ---------------------- ##
## Running config.status. ##
## ---------------------- ##

This file was extended by FreeLing config.status 4.0, which was
generated by GNU Autoconf 2.69.  Invocation command line was

  CONFIG_FILES    = 
  CONFIG_HEADERS  = 
  CONFIG_LINKS    = 
  CONFIG_COMMANDS = 
  $ ./config.status 

on carlos-Ubuntu-Lenovo

config.status:1100: creating Makefile
config.status:1100: creating data/Makefile
config.status:1100: creating src/Makefile
config.status:1100: creating src/include/Makefile
config.status:1100: creating src/libfreeling/Makefile
config.status:1100: creating src/libfoma/Makefile
config.status:1100: creating src/libtreeler/Makefile
config.status:1100: creating src/libtreeler/main/Makefile
config.status:1100: creating src/main/Makefile
config.status:1100: creating src/utilities/Makefile
config.status:1100: creating src/tests/Makefile
config.status:1100: creating freeling.pc
config.status:1272: executing depfiles commands
config.status:1272: executing libtool commands

## ---------------- ##
## Cache variables. ##
## ---------------- ##

ac_cv_build=x86_64-pc-linux-gnu
ac_cv_c_compiler_gnu=yes
ac_cv_c_const=yes
ac_cv_c_inline=inline
ac_cv_cxx_compiler_gnu=yes
ac_cv_env_CCC_set=
ac_cv_env_CCC_value=
ac_cv_env_CC_set=
ac_cv_env_CC_value=
ac_cv_env_CFLAGS_set=
ac_cv_env_CFLAGS_value=
ac_cv_env_CPPFLAGS_set=
ac_cv_env_CPPFLAGS_value=
ac_cv_env_CPP_set=
ac_cv_env_CPP_value=
ac_cv_env_CXXCPP_set=
ac_cv_env_CXXCPP_value=
ac_cv_env_CXXFLAGS_set=
ac_cv_env_CXXFLAGS_value=
ac_cv_env_CXX_set=
ac_cv_env_CXX_value=
ac_cv_env_LDFLAGS_set=
ac_cv_env_LDFLAGS_value=
ac_cv_env_LIBS_set=
ac_cv_env_LIBS_value=
ac_cv_env_LT_SYS_LIBRARY_PATH_set=
ac_cv_env_LT_SYS_LIBRARY_PATH_value=
ac_cv_env_build_alias_set=
ac_cv_env_build_alias_value=
ac_cv_env_host_alias_set=
ac_cv_env_host_alias_value=
ac_cv_env_target_alias_set=
ac_cv_env_target_alias_value=
ac_cv_header_boost_program_options_hpp=yes
ac_cv_header_boost_regex_hpp=yes
ac_cv_header_boost_regex_icu_hpp=yes
ac_cv_header_boost_thread_hpp=yes
ac_cv_header_boost_thread_mutex_hpp=yes
ac_cv_header_dlfcn_h=yes
ac_cv_header_inttypes_h=yes
ac_cv_header_memory_h=yes
ac_cv_header_stdbool_h=no
ac_cv_header_stdc=yes
ac_cv_header_stdint_h=yes
ac_cv_header_stdlib_h=yes
ac_cv_header_string_h=yes
ac_cv_header_strings_h=yes
ac_cv_header_sys_stat_h=yes
ac_cv_header_sys_types_h=yes
ac_cv_header_unistd_h=yes
ac_cv_header_zlib_h=yes
ac_cv_host=x86_64-pc-linux-gnu
ac_cv_lib_boost_program_options_main=yes
ac_cv_lib_boost_regex_main=yes
ac_cv_lib_boost_system_main=yes
ac_cv_lib_boost_thread_main=yes
ac_cv_lib_icuuc_main=yes
ac_cv_lib_z_main=yes
ac_cv_objext=o
ac_cv_path_EGREP='/bin/grep -E'
ac_cv_path_FGREP='/bin/grep -F'
ac_cv_path_GREP=/bin/grep
ac_cv_path_SED=/bin/sed
ac_cv_path_install='/usr/bin/install -c'
ac_cv_path_lt_DD=/bin/dd
ac_cv_path_mkdir=/bin/mkdir
ac_cv_prog_AWK=mawk
ac_cv_prog_CPP='gcc -E'
ac_cv_prog_CXXCPP='g++ -E'
ac_cv_prog_ac_ct_AR=ar
ac_cv_prog_ac_ct_CC=gcc
ac_cv_prog_ac_ct_CXX=g++
ac_cv_prog_ac_ct_MANIFEST_TOOL=mt
ac_cv_prog_ac_ct_OBJDUMP=objdump
ac_cv_prog_ac_ct_RANLIB=ranlib
ac_cv_prog_ac_ct_STRIP=strip
ac_cv_prog_cc_c89=
ac_cv_prog_cc_g=yes
ac_cv_prog_cxx_g=yes
ac_cv_prog_make_make_set=yes
ac_cv_type__Bool=no
ac_cv_type_size_t=yes
am_cv_CC_dependencies_compiler_type=gcc3
am_cv_CXX_dependencies_compiler_type=gcc3
am_cv_make_support_nested_variables=yes
am_cv_prog_cc_c_o=yes
lt_cv_ar_at_file=@
lt_cv_archive_cmds_need_lc=no
lt_cv_deplibs_check_method=pass_all
lt_cv_file_magic_cmd='$MAGIC_CMD'
lt_cv_file_magic_test_file=
lt_cv_ld_reload_flag=-r
lt_cv_nm_interface='BSD nm'
lt_cv_objdir=.libs
lt_cv_path_LD=/usr/bin/ld
lt_cv_path_LDCXX='/usr/bin/ld -m elf_x86_64'
lt_cv_path_NM='/usr/bin/nm -B'
lt_cv_path_mainfest_tool=no
lt_cv_prog_compiler_c_o=yes
lt_cv_prog_compiler_c_o_CXX=yes
lt_cv_prog_compiler_pic='-fPIC -DPIC'
lt_cv_prog_compiler_pic_CXX='-fPIC -DPIC'
lt_cv_prog_compiler_pic_works=yes
lt_cv_prog_compiler_pic_works_CXX=yes
lt_cv_prog_compiler_rtti_exceptions=no
lt_cv_prog_compiler_static_works=yes
lt_cv_prog_compiler_static_works_CXX=yes
lt_cv_prog_gnu_ld=yes
lt_cv_prog_gnu_ldcxx=yes
lt_cv_sharedlib_from_linklib_cmd='printf %s\n'
lt_cv_shlibpath_overrides_runpath=no
lt_cv_sys_global_symbol_pipe='sed -n -e '\''s/^.*[	 ]\([ABCDGIRSTW][ABCDGIRSTW]*\)[	 ][	 ]*\([_A-Za-z][_A-Za-z0-9]*\)$/\1 \2 \2/p'\'' | sed '\''/ __gnu_lto/d'\'''
lt_cv_sys_global_symbol_to_c_name_address='sed -n -e '\''s/^: \(.*\) .*$/  {"\1", (void *) 0},/p'\'' -e '\''s/^[ABCDGIRSTW][ABCDGIRSTW]* .* \(.*\)$/  {"\1", (void *) \&\1},/p'\'''
lt_cv_sys_global_symbol_to_c_name_address_lib_prefix='sed -n -e '\''s/^: \(.*\) .*$/  {"\1", (void *) 0},/p'\'' -e '\''s/^[ABCDGIRSTW][ABCDGIRSTW]* .* \(lib.*\)$/  {"\1", (void *) \&\1},/p'\'' -e '\''s/^[ABCDGIRSTW][ABCDGIRSTW]* .* \(.*\)$/  {"lib\1", (void *) \&\1},/p'\'''
lt_cv_sys_global_symbol_to_cdecl='sed -n -e '\''s/^T .* \(.*\)$/extern int \1();/p'\'' -e '\''s/^[ABCDGIRSTW][ABCDGIRSTW]* .* \(.*\)$/extern char \1;/p'\'''
lt_cv_sys_global_symbol_to_import=
lt_cv_sys_max_cmd_len=1572864
lt_cv_to_host_file_cmd=func_convert_file_noop
lt_cv_to_tool_file_cmd=func_convert_file_noop
lt_cv_truncate_bin='/bin/dd bs=4096 count=1'

## ----------------- ##
## Output variables. ##
## ----------------- ##

ACLOCAL='${SHELL} /home/carlos/Downloads/FreeLing-4.0/missing aclocal-1.15'
AMDEPBACKSLASH='\'
AMDEP_FALSE='#'
AMDEP_TRUE=''
AMTAR='$${TAR-tar}'
AM_BACKSLASH='\'
AM_DEFAULT_V='$(AM_DEFAULT_VERBOSITY)'
AM_DEFAULT_VERBOSITY='1'
AM_V='$(V)'
AR='ar'
AUTOCONF='${SHELL} /home/carlos/Downloads/FreeLing-4.0/missing autoconf'
AUTOHEADER='${SHELL} /home/carlos/Downloads/FreeLing-4.0/missing autoheader'
AUTOMAKE='${SHELL} /home/carlos/Downloads/FreeLing-4.0/missing automake-1.15'
AWK='mawk'
BOOST_GCC_FALSE=''
BOOST_GCC_TRUE='#'
BOOST_MT_FALSE=''
BOOST_MT_TRUE='#'
BOOST_OLD_FALSE=''
BOOST_OLD_TRUE='#'
BUILD_TESTS_FALSE=''
BUILD_TESTS_TRUE='#'
CC='gcc'
CCDEPMODE='depmode=gcc3'
CFLAGS='-g -O2'
CPP='gcc -E'
CPPFLAGS=''
CXX='g++'
CXXCPP='g++ -E'
CXXDEPMODE='depmode=gcc3'
CXXFLAGS='   -Wall -fPIC -std=gnu++0x -Wall -fPIC'
CYGPATH_W='echo'
DEBUG_FALSE=''
DEBUG_TRUE='#'
DEFS='-DPACKAGE_NAME=\"FreeLing\" -DPACKAGE_TARNAME=\"freeling\" -DPACKAGE_VERSION=\"4.0\" -DPACKAGE_STRING=\"FreeLing\ 4.0\" -DPACKAGE_BUGREPORT=\"\" -DPACKAGE_URL=\"\" -DPACKAGE=\"freeling\" -DVERSION=\"4.0\" -DSTDC_HEADERS=1 -DHAVE_SYS_TYPES_H=1 -DHAVE_SYS_STAT_H=1 -DHAVE_STDLIB_H=1 -DHAVE_STRING_H=1 -DHAVE_MEMORY_H=1 -DHAVE_STRINGS_H=1 -DHAVE_INTTYPES_H=1 -DHAVE_STDINT_H=1 -DHAVE_UNISTD_H=1 -DHAVE_DLFCN_H=1 -DLT_OBJDIR=\".libs/\" -DHAVE_BOOST_REGEX_HPP=1 -DHAVE_BOOST_REGEX_ICU_HPP=1 -DHAVE_BOOST_PROGRAM_OPTIONS_HPP=1 -DHAVE_BOOST_THREAD_HPP=1 -DHAVE_BOOST_THREAD_MUTEX_HPP=1 -DHAVE_ZLIB_H=1 -DSTDC_HEADERS=1'
DEPDIR='.deps'
DLLTOOL='false'
DSYMUTIL=''
DUMPBIN=''
ECHO_C=''
ECHO_N='-n'
ECHO_T=''
EGREP='/bin/grep -E'
EXEEXT=''
FGREP='/bin/grep -F'
GREP='/bin/grep'
INSTALL_DATA='${INSTALL} -m 644'
INSTALL_PROGRAM='${INSTALL}'
INSTALL_SCRIPT='${INSTALL}'
INSTALL_STRIP_PROGRAM='$(install_sh) -c -s'
LD='/usr/bin/ld -m elf_x86_64'
LDFLAGS=''
LIBOBJS=''
LIBS=''
LIBTOOL='$(SHELL) $(top_builddir)/libtool'
LIPO=''
LN_S='ln -s'
LTLIBOBJS=''
LT_SYS_LIBRARY_PATH=''
MAKEINFO='${SHELL} /home/carlos/Downloads/FreeLing-4.0/missing makeinfo'
MANIFEST_TOOL=':'
MKDIR_P='/bin/mkdir -p'
NM='/usr/bin/nm -B'
NMEDIT=''
NO_LIBFOMA_FALSE=''
NO_LIBFOMA_TRUE='#'
NO_WARNINGS_FALSE=''
NO_WARNINGS_TRUE='#'
OBJDUMP='objdump'
OBJEXT='o'
OTOOL64=''
OTOOL=''
PACKAGE='freeling'
PACKAGE_BUGREPORT=''
PACKAGE_NAME='FreeLing'
PACKAGE_STRING='FreeLing 4.0'
PACKAGE_TARNAME='freeling'
PACKAGE_URL=''
PACKAGE_VERSION='4.0'
PATH_SEPARATOR=':'
RANLIB='ranlib'
SED='/bin/sed'
SET_MAKE=''
SHELL='/bin/bash'
STRIP='strip'
USE_XPRESSIVE_REGEX_FALSE=''
USE_XPRESSIVE_REGEX_TRUE='#'
VERBOSE_FALSE=''
VERBOSE_TRUE='#'
VERSION='4.0'
ac_ct_AR='ar'
ac_ct_CC='gcc'
ac_ct_CXX='g++'
ac_ct_DUMPBIN=''
am__EXEEXT_FALSE=''
am__EXEEXT_TRUE='#'
am__fastdepCC_FALSE='#'
am__fastdepCC_TRUE=''
am__fastdepCXX_FALSE='#'
am__fastdepCXX_TRUE=''
am__include='include'
am__isrc=''
am__leading_dot='.'
am__nodep='_no'
am__quote=''
am__tar='$${TAR-tar} chof - "$$tardir"'
am__untar='$${TAR-tar} xf -'
bindir='${exec_prefix}/bin'
build='x86_64-pc-linux-gnu'
build_alias=''
build_cpu='x86_64'
build_os='linux-gnu'
build_vendor='pc'
datadir='${datarootdir}'
datarootdir='${prefix}/share'
docdir='${datarootdir}/doc/${PACKAGE_TARNAME}'
dvidir='${docdir}'
exec_prefix='${prefix}'
host='x86_64-pc-linux-gnu'
host_alias=''
host_cpu='x86_64'
host_os='linux-gnu'
host_vendor='pc'
htmldir='${docdir}'
includedir='${prefix}/include'
infodir='${datarootdir}/info'
install_sh='${SHELL} /home/carlos/Downloads/FreeLing-4.0/install-sh'
libdir='${exec_prefix}/lib'
libexecdir='${exec_prefix}/libexec'
localedir='${datarootdir}/locale'
localstatedir='${prefix}/var'
mandir='${datarootdir}/man'
mkdir_p='$(MKDIR_P)'
oldincludedir='/usr/include'
pdfdir='${docdir}'
prefix='/usr/local'
program_transform_name='s,x,x,'
psdir='${docdir}'
runstatedir='${localstatedir}/run'
sbindir='${exec_prefix}/sbin'
sharedstatedir='${prefix}/com'
sysconfdir='${prefix}/etc'
target_alias=''

## ----------- ##
## confdefs.h. ##
## ----------- ##

/* confdefs.h */
#define PACKAGE_NAME "FreeLing"
#define PACKAGE_TARNAME "freeling"
#define PACKAGE_VERSION "4.0"
#define PACKAGE_STRING "FreeLing 4.0"
#define PACKAGE_BUGREPORT ""
#define PACKAGE_URL ""
#define PACKAGE "freeling"
#define VERSION "4.0"
#define STDC_HEADERS 1
#define HAVE_SYS_TYPES_H 1
#define HAVE_SYS_STAT_H 1
#define HAVE_STDLIB_H 1
#define HAVE_STRING_H 1
#define HAVE_MEMORY_H 1
#define HAVE_STRINGS_H 1
#define HAVE_INTTYPES_H 1
#define HAVE_STDINT_H 1
#define HAVE_UNISTD_H 1
#define HAVE_DLFCN_H 1
#define LT_OBJDIR ".libs/"
#define HAVE_BOOST_REGEX_HPP 1
#define HAVE_BOOST_REGEX_ICU_HPP 1
#define HAVE_BOOST_PROGRAM_OPTIONS_HPP 1
#define HAVE_BOOST_THREAD_HPP 1
#define HAVE_BOOST_THREAD_MUTEX_HPP 1
#define HAVE_ZLIB_H 1
#define STDC_HEADERS 1

configure: exit 0
